<?xml version="1.0" encoding="UTF-8"?>
<!-- Generated by org.testng.reporters.JUnitXMLReporter -->
<testsuite ignored="3" hostname="DESKTOP-G39F81O" failures="0" tests="10" name="Test" time="31.506" errors="0" timestamp="2024-05-15T14:17:53 IST">
  <testcase classname="testcases.Login_TC1" name="loginTC_1" time="0.735"/>
  <testcase classname="testcases.Login_TC1" name="loginTC_1" time="0.623"/>
  <testcase classname="testcases.AddToCart_TC2" name="addToCartTC_2" time="0.514"/>
  <testcase classname="testcases.CheckOut_TC3" name="checkoutTC_3" time="0.79"/>
  <testcase classname="testcases.Login_TC1" name="loginTC_1" time="0.6"/>
  <testcase classname="testcases.AddToCart_TC2" name="addToCartTC_2" time="0.424"/>
  <testcase classname="testcases.CheckOut_TC3" name="checkoutTC_3" time="0.947"/>
  <testcase classname="testcases.Logout_TC4" name="clickFinishTC_4" time="0.399"/>
  <testcase classname="testcases.Login_TC1" name="loginTC_1" time="0.741"/>
  <testcase classname="testcases.AddToCart_TC2" name="addToCartTC_2" time="0.62"/>
  <testcase classname="testcases.SW_BaseClass" name="@AfterTest closeApplication" time="0.0">
    <ignored/>
  </testcase> <!-- @AfterTest closeApplication -->
  <testcase classname="testcases.SW_BaseClass" name="@AfterTest closeApplication" time="0.0">
    <ignored/>
  </testcase> <!-- @AfterTest closeApplication -->
  <testcase classname="testcases.SW_BaseClass" name="@AfterTest closeApplication" time="0.0">
    <ignored/>
  </testcase> <!-- @AfterTest closeApplication -->
</testsuite> <!-- Test -->
